<?xml version="1.0" encoding="UTF-8"?>
<testng-results ignored="0" total="1" passed="1" failed="0" skipped="0">
  <reporter-output>
    <line>
      <![CDATA[Stock-000000021    Stock-000000021]]>
    </line>
    <line>
      <![CDATA[Supplier-00000000931    Supplier-00000000931]]>
    </line>
  </reporter-output>
  <suite started-at="2024-01-01T19:14:06 IST" name="Surefire suite" finished-at="2024-01-01T19:15:01 IST" duration-ms="55089">
    <groups>
    </groups>
    <test started-at="2024-01-01T19:14:06 IST" name="Surefire test" finished-at="2024-01-01T19:15:01 IST" duration-ms="55089">
      <class name="driverFactory.AppTest">
        <test-method signature="Kickstart()[pri:0, instance:driverFactory.AppTest@68c72235]" started-at="2024-01-01T19:14:06 IST" name="Kickstart" finished-at="2024-01-01T19:15:01 IST" duration-ms="55047" status="PASS">
          <reporter-output>
            <line>
              <![CDATA[Stock-000000021    Stock-000000021]]>
            </line>
            <line>
              <![CDATA[Supplier-00000000931    Supplier-00000000931]]>
            </line>
          </reporter-output>
        </test-method> <!-- Kickstart -->
      </class> <!-- driverFactory.AppTest -->
    </test> <!-- Surefire test -->
  </suite> <!-- Surefire suite -->
</testng-results>
